Build started 03.03.2015 11:40:54.
     1>Project "C:\Test\WpfTest\11\11\11.vcxproj" on node 2 (build target(s)).
     1>InitializeBuildStatus:
         Creating "Debug\11.unsuccessfulbuild" because "AlwaysCreate" was specified.
       ClCompile:
         c:\Program Files (x86)\Microsoft Visual Studio 10.0\VC\bin\CL.exe /c /ZI /nologo /W3 /WX- /Od /Oy- /D WIN32 /D _DEBUG /D _CONSOLE /D _UNICODE /D UNICODE /Gm /EHsc /RTC1 /MDd /GS /fp:precise /Zc:wchar_t /Zc:forScope /Fo"Debug\\" /Fd"Debug\vc100.pdb" /Gd /TP /analyze- /errorReport:prompt 1.cpp
         1.cpp
     1>c:\test\wpftest\11\11\1.cpp(34): warning C4244: 'argument' : conversion from 'time_t' to 'unsigned int', possible loss of data
       ManifestResourceCompile:
         All outputs are up-to-date.
       Link:
         c:\Program Files (x86)\Microsoft Visual Studio 10.0\VC\bin\link.exe /ERRORREPORT:PROMPT /OUT:"C:\Test\WpfTest\11\Debug\11.exe" /INCREMENTAL /NOLOGO kernel32.lib user32.lib gdi32.lib winspool.lib comdlg32.lib advapi32.lib shell32.lib ole32.lib oleaut32.lib uuid.lib odbc32.lib odbccp32.lib /MANIFEST /ManifestFile:"Debug\11.exe.intermediate.manifest" /MANIFESTUAC:"level='asInvoker' uiAccess='false'" /DEBUG /PDB:"C:\Test\WpfTest\11\Debug\11.pdb" /SUBSYSTEM:CONSOLE /TLBID:1 /DYNAMICBASE /NXCOMPAT /IMPLIB:"C:\Test\WpfTest\11\Debug\11.lib" /MACHINE:X86 Debug\11.exe.embed.manifest.res
         Debug\1.obj
       Manifest:
         C:\Program Files (x86)\Microsoft SDKs\Windows\v7.0A\bin\mt.exe /nologo /verbose /out:"Debug\11.exe.embed.manifest" /manifest Debug\11.exe.intermediate.manifest
         All outputs are up-to-date.
       LinkEmbedManifest:
         All outputs are up-to-date.
         11.vcxproj -> C:\Test\WpfTest\11\Debug\11.exe
       FinalizeBuildStatus:
         Deleting file "Debug\11.unsuccessfulbuild".
         Touching "Debug\11.lastbuildstate".
     1>Done Building Project "C:\Test\WpfTest\11\11\11.vcxproj" (build target(s)).

Build succeeded.

Time Elapsed 00:00:00.54
